<?xml version="1.0" encoding="UTF-8"?>
<!-- Generated by org.testng.reporters.JUnitReportReporter -->
<testsuite hostname="NPC" failures="0" tests="1" name="test.ListCustomerTest" time="25.129" errors="0" timestamp="20 Jun. 2024 17:37:17 GMT" skipped="0">
  <testcase classname="test.ListCustomerTest" name="userShouldBeAbleToEditAndViewCustomer" time="25.129"/>
</testsuite> <!-- test.ListCustomerTest -->
