<?xml version="1.0" encoding="UTF-8"?>
<!-- Generated by org.testng.reporters.JUnitReportReporter -->
<testsuite hostname="NPC" failures="0" tests="1" name="test.LoginTest" time="16.886" errors="0" timestamp="20 Jun. 2024 17:44:38 GMT" skipped="0">
  <testcase classname="test.LoginTest" name="validUserShouldBeAbleToLogin" time="16.886"/>
</testsuite> <!-- test.LoginTest -->
